\BOOKMARK [1][-]{section.0.1}{Introdu\347\343o}{}% 1
\BOOKMARK [1][-]{section.0.2}{Conhecendo o Processador ARM}{}% 2
\BOOKMARK [2][-]{subsection.0.2.1}{Caracter\355sticas ARM}{section.0.2}% 3
\BOOKMARK [2][-]{subsection.0.2.2}{Modos de opera\347\343o ARM Cortex-M4}{section.0.2}% 4
\BOOKMARK [1][-]{section.0.3}{Conhecendo a plataforma de trabalho}{}% 5
\BOOKMARK [1][-]{section.0.4}{Iniciando um projeto no Code Composer}{}% 6
\BOOKMARK [1][-]{section.0.5}{Biblioteca TivaWare}{}% 7
\BOOKMARK [2][-]{subsection.0.5.1}{Incluindo a TivaWare ao projeto}{section.0.5}% 8
\BOOKMARK [2][-]{subsection.0.5.2}{TivaWare na ROM}{section.0.5}% 9
\BOOKMARK [1][-]{section.0.6}{Sistema de Clock}{}% 10
\BOOKMARK [2][-]{subsection.0.6.1}{Fontes de clock}{section.0.6}% 11
\BOOKMARK [2][-]{subsection.0.6.2}{Circuito de verifica\347\343o do MOSC}{section.0.6}% 12
\BOOKMARK [2][-]{subsection.0.6.3}{Na TivaWare}{section.0.6}% 13
\BOOKMARK [1][-]{section.0.7}{Portas de Entrada e Sa\355da de Prop\363sito Geral \(GPIOs\)}{}% 14
\BOOKMARK [1][-]{section.0.8}{Na TivaWare}{}% 15
\BOOKMARK [1][-]{section.0.9}{UART}{}% 16
\BOOKMARK [2][-]{subsection.0.9.1}{Padr\343o da Comunica\347\343o}{section.0.9}% 17
\BOOKMARK [2][-]{subsection.0.9.2}{UART do TM4C1294NCPDT}{section.0.9}% 18
\BOOKMARK [2][-]{subsection.0.9.3}{Na TivaWare}{section.0.9}% 19
\BOOKMARK [1][-]{section.0.10}{SPI}{}% 20
\BOOKMARK [2][-]{subsection.0.10.1}{Padr\343o da Comunica\347\343o}{section.0.10}% 21
\BOOKMARK [2][-]{subsection.0.10.2}{SPI do TM4C1294NCPDT}{section.0.10}% 22
\BOOKMARK [2][-]{subsection.0.10.3}{Na TivaWare}{section.0.10}% 23
\BOOKMARK [1][-]{section.0.11}{Exemplos de aplica\347\343o}{}% 24
\BOOKMARK [2][-]{subsection.0.11.1}{Echo da UART}{section.0.11}% 25
